cl : командная строка warning D9035: использование параметра "Gm" нежелательно, он будет удален в следующих выпусках
  tset.cpp
  tbitfield.cpp
D:\lab\mp2-lab1-set\src\tbitfield.cpp(21,23): warning C4018: <: несоответствие типов со знаком и без знака
D:\lab\mp2-lab1-set\src\tbitfield.cpp(106,29): warning C4018: <: несоответствие типов со знаком и без знака
D:\lab\mp2-lab1-set\src\tbitfield.cpp(116,24): warning C4018: <: несоответствие типов со знаком и без знака
D:\lab\mp2-lab1-set\src\tbitfield.cpp(127,24): warning C4018: <: несоответствие типов со знаком и без знака
D:\lab\mp2-lab1-set\src\tbitfield.cpp(137,25): warning C4018: <: несоответствие типов со знаком и без знака
D:\lab\mp2-lab1-set\src\tbitfield.cpp(142,25): warning C4018: <: несоответствие типов со знаком и без знака
D:\lab\mp2-lab1-set\src\tbitfield.cpp(149,25): warning C4018: <: несоответствие типов со знаком и без знака
D:\lab\mp2-lab1-set\src\tbitfield.cpp(161,24): warning C4018: <: несоответствие типов со знаком и без знака
D:\lab\mp2-lab1-set\src\tbitfield.cpp(168,24): warning C4018: <: несоответствие типов со знаком и без знака
D:\lab\mp2-lab1-set\src\tbitfield.cpp(177,23): warning C4018: <: несоответствие типов со знаком и без знака
D:\lab\mp2-lab1-set\src\tbitfield.cpp(193,24): warning C4018: <: несоответствие типов со знаком и без знака
D:\lab\mp2-lab1-set\src\tbitfield.cpp(200,24): warning C4018: <: несоответствие типов со знаком и без знака
D:\lab\mp2-lab1-set\src\tbitfield.cpp(262,24): warning C4018: <: несоответствие типов со знаком и без знака
D:\lab\mp2-lab1-set\src\tbitfield.cpp(273,24): warning C4018: <: несоответствие типов со знаком и без знака
D:\lab\mp2-lab1-set\src\tbitfield.cpp(289,24): warning C4018: <: несоответствие типов со знаком и без знака
D:\lab\mp2-lab1-set\src\tbitfield.cpp(300,24): warning C4018: <: несоответствие типов со знаком и без знака
D:\lab\mp2-lab1-set\src\tbitfield.cpp(315,24): warning C4018: <: несоответствие типов со знаком и без знака
D:\lab\mp2-lab1-set\src\tbitfield.cpp(322,24): warning C4018: <: несоответствие типов со знаком и без знака
D:\lab\mp2-lab1-set\src\tbitfield.cpp(336,23): warning C4018: <: несоответствие типов со знаком и без знака
  Создание кода...
  bitfield.vcxproj -> D:\lab\mp2-lab1-set\sln\vc10\Debug\bitfield.lib
